<?xml version="1.0" encoding="UTF-8"?>
<!-- Generated by org.testng.reporters.JUnitReportReporter -->
<testsuite hostname="DESKTOP-HLF1EQ7" failures="0" tests="1" name="k_automationpractice_project.K_Practice_Automation" time="1.975" errors="0" timestamp="2021-12-20T13:53:56 EST" skipped="0">
  <testcase classname="k_automationpractice_project.K_Practice_Automation" name="clickonSignInLink" time="1.975"/>
  <system-out/>
</testsuite> <!-- k_automationpractice_project.K_Practice_Automation -->
